* using log directory ‘/Users/qij/Documents/GitHub/NGSA_HW_2020/wk5/FastqcPool.Rcheck’
* using R version 3.6.0 (2019-04-26)
* using platform: x86_64-apple-darwin15.6.0 (64-bit)
* using session charset: UTF-8
* using options ‘--no-manual --as-cran’
* checking for file ‘FastqcPool/DESCRIPTION’ ... OK
* checking extension type ... Package
* this is package ‘FastqcPool’ version ‘0.1.0’
* package encoding: UTF-8
* checking package namespace information ... OK
* checking package dependencies ... OK
* checking if this is a source package ... OK
* checking if there is a namespace ... OK
* checking for executable files ... OK
* checking for hidden files and directories ... OK
* checking for portable file names ... OK
* checking for sufficient/correct file permissions ... OK
* checking whether package ‘FastqcPool’ can be installed ... OK
* checking installed package size ... OK
* checking package directory ... OK
* checking for future file timestamps ... OK
* checking DESCRIPTION meta-information ... OK
* checking top-level files ... OK
* checking for left-over files ... OK
* checking index information ... OK
* checking package subdirectories ... OK
* checking R files for non-ASCII characters ... OK
* checking R files for syntax errors ... OK
* checking whether the package can be loaded ... OK
* checking whether the package can be loaded with stated dependencies ... OK
* checking whether the package can be unloaded cleanly ... OK
* checking whether the namespace can be loaded with stated dependencies ... OK
* checking whether the namespace can be unloaded cleanly ... OK
* checking dependencies in R code ... WARNING
'::' or ':::' imports not declared from:
  ‘data.table’ ‘scales’
* checking S3 generic/method consistency ... OK
* checking replacement functions ... OK
* checking foreign function calls ... OK
* checking R code for possible problems ... NOTE
plotpool_error: no visible binding for global variable ‘#Base’
plotpool_error: no visible binding for global variable ‘Mean’
plotpool_error: no visible binding for global variable ‘sample_id’
plotpool_error: no visible binding for global variable ‘Lower Quartile’
plotpool_error: no visible binding for global variable ‘Upper Quartile’
Undefined global functions or variables:
  #Base Lower Quartile Mean Upper Quartile sample_id
* checking Rd files ... NOTE
prepare_Rd: Read_one.Rd:26-28: Dropping empty section \details
prepare_Rd: plotpool_error.Rd:19-21: Dropping empty section \details
* checking Rd metadata ... OK
* checking Rd line widths ... OK
* checking Rd cross-references ... OK
* checking for missing documentation entries ... WARNING
Undocumented code objects:
  ‘read_in’ ‘read_one’
All user-level objects in a package should have documentation entries.
See chapter ‘Writing R documentation files’ in the ‘Writing R
Extensions’ manual.
* checking for code/documentation mismatches ... WARNING
Functions or methods with usage in documentation object 'Read_one' but not in code:
  ‘Read_one’

Codoc mismatches from documentation object 'plotpool_error':
plotpool_error
  Code: function(dataframe)
  Docs: function(df)
  Argument names in code not in docs:
    dataframe
  Argument names in docs not in code:
    df
  Mismatches in argument names:
    Position: 1 Code: dataframe Docs: df

* checking Rd \usage sections ... WARNING
Objects in \usage without \alias in documentation object 'Read_in':
  ‘read_in’

Functions with \usage entries need to have the appropriate \alias
entries, and all their arguments documented.
The \usage entries must correspond to syntactically valid R code.
See chapter ‘Writing R documentation files’ in the ‘Writing R
Extensions’ manual.
* checking Rd contents ... OK
* checking for unstated dependencies in examples ... OK
* checking examples ... ERROR
Running examples in ‘FastqcPool-Ex.R’ failed
The error most likely occurred in:

> base::assign(".ptime", proc.time(), pos = "CheckExEnv")
> ### Name: Read_in
> ### Title: Extract the base quality score from "fastqc_data.txt" in one or
> ###   a list of standard FastQC output zip files to a combined R dataframe
> ### Aliases: Read_in
> 
> ### ** Examples
> 
> res <- read_in(filepath = c("fastqc1.zip", "fastqc2.zip"))
Error in read_in(filepath = c("fastqc1.zip", "fastqc2.zip")) : 
  unused argument (filepath = c("fastqc1.zip", "fastqc2.zip"))
Execution halted
* DONE
Status: 1 ERROR, 4 WARNINGs, 2 NOTEs
